Change Component Footprint: Designator=C2 Old Footprint=1608[0603] New Footprint=2012[0805]
Change Component Comment : Designator=C2 Old Comment= New Comment=104
Change Component Comment : Designator=U3 Old Comment=MC34063 New Comment=LM386M-1
Change Component Comment : Designator=U2 Old Comment=REG1117-3.3 New Comment=REG1117-2.5
Added Component: Designator=Audio1(HDR1X3)
Added Component: Designator=C1(2012[0805])
Added Component: Designator=C4(1608[0603])
Added Component: Designator=C5(2012[0805])
Added Component: Designator=C6(1608[0603])
Added Component: Designator=C8(1608[0603])
Added Component: Designator=C9(1608[0603])
Added Component: Designator=C10(1608[0603])
Added Component: Designator=C11(1608[0603])
Added Component: Designator=C12(1608[0603])
Added Component: Designator=C13(1608[0603])
Added Component: Designator=C14(1608[0603])
Added Component: Designator=C15(1608[0603])
Added Component: Designator=D1(DIODE-0.4)
Added Component: Designator=MP1(HDR1X5)
Added Component: Designator=MP2(HDR1X5)
Added Component: Designator=Power1(HDR1X2)
Added Component: Designator=R1(1608[0603])
Added Component: Designator=R2(1608[0603])
Added Component: Designator=R3(1608[0603])
Added Component: Designator=R4(1608[0603])
Added Component: Designator=R5(1608[0603])
Added Component: Designator=R6(1608[0603])
Added Component: Designator=R7(1608[0603])
Added Component: Designator=R8(1608[0603])
Added Component: Designator=R9(1608[0603])
Added Pin To Net: NetName=5V Pin=C3-1
Added Pin To Net: NetName=5V Pin=C4-1
Added Pin To Net: NetName=5V Pin=L1-1
Added Pin To Net: NetName=5V Pin=MP2-1
Added Pin To Net: NetName=5V Pin=U1-4
Added Pin To Net: NetName=5V Pin=U2-3
Added Pin To Net: NetName=5V Pin=U3-6
Added Net: Name=5V
Added Pin To Net: NetName=15V Pin=C1-1
Added Pin To Net: NetName=15V Pin=C2-1
Added Pin To Net: NetName=15V Pin=Power1-2
Added Pin To Net: NetName=15V Pin=U1-1
Added Net: Name=15V
Added Pin To Net: NetName=BOOT0 Pin=R9-1
Added Pin To Net: NetName=BOOT0 Pin=U4-44
Added Net: Name=BOOT0
Added Pin To Net: NetName=DGND Pin=Audio1-1
Added Pin To Net: NetName=DGND Pin=C1-2
Added Pin To Net: NetName=DGND Pin=C2-2
Added Pin To Net: NetName=DGND Pin=C3-2
Added Pin To Net: NetName=DGND Pin=C4-2
Added Pin To Net: NetName=DGND Pin=C5-2
Added Pin To Net: NetName=DGND Pin=C6-1
Added Pin To Net: NetName=DGND Pin=C8-1
Added Pin To Net: NetName=DGND Pin=C9-1
Added Pin To Net: NetName=DGND Pin=C10-2
Added Pin To Net: NetName=DGND Pin=C11-1
Added Pin To Net: NetName=DGND Pin=C12-1
Added Pin To Net: NetName=DGND Pin=C13-1
Added Pin To Net: NetName=DGND Pin=C14-1
Added Pin To Net: NetName=DGND Pin=C15-1
Added Pin To Net: NetName=DGND Pin=D1-1
Added Pin To Net: NetName=DGND Pin=Power1-1
Added Pin To Net: NetName=DGND Pin=R8-2
Added Pin To Net: NetName=DGND Pin=SD_CARD1-3
Added Pin To Net: NetName=DGND Pin=SD_CARD1-6
Added Pin To Net: NetName=DGND Pin=U1-3
Added Pin To Net: NetName=DGND Pin=U1-5
Added Pin To Net: NetName=DGND Pin=U3-2
Added Pin To Net: NetName=DGND Pin=U3-4
Added Pin To Net: NetName=DGND Pin=U4-8
Added Pin To Net: NetName=DGND Pin=U4-23
Added Pin To Net: NetName=DGND Pin=U4-35
Added Pin To Net: NetName=DGND Pin=U4-47
Added Net: Name=DGND
Added Pin To Net: NetName=GND Pin=MP1-5
Added Pin To Net: NetName=GND Pin=MP2-5
Added Pin To Net: NetName=GND Pin=U2-1
Added Net: Name=GND
Added Pin To Net: NetName=IIC_CLK Pin=U4-42
Added Net: Name=IIC_CLK
Added Pin To Net: NetName=IIC_DATA Pin=U4-43
Added Net: Name=IIC_DATA
Added Pin To Net: NetName=MP3_DREQ Pin=MP1-2
Added Pin To Net: NetName=MP3_DREQ Pin=U4-12
Added Net: Name=MP3_DREQ
Added Pin To Net: NetName=MP3_MISO Pin=MP2-2
Added Pin To Net: NetName=MP3_MISO Pin=U4-16
Added Net: Name=MP3_MISO
Added Pin To Net: NetName=MP3_MOSI Pin=MP2-3
Added Pin To Net: NetName=MP3_MOSI Pin=U4-17
Added Net: Name=MP3_MOSI
Added Pin To Net: NetName=MP3_RST Pin=MP1-1
Added Pin To Net: NetName=MP3_RST Pin=U4-11
Added Net: Name=MP3_RST
Added Pin To Net: NetName=MP3_SCLK Pin=MP2-4
Added Pin To Net: NetName=MP3_SCLK Pin=U4-15
Added Net: Name=MP3_SCLK
Added Pin To Net: NetName=MP3_XCS Pin=MP1-4
Added Pin To Net: NetName=MP3_XCS Pin=U4-14
Added Net: Name=MP3_XCS
Added Pin To Net: NetName=MP3_XDCS Pin=MP1-3
Added Pin To Net: NetName=MP3_XDCS Pin=U4-13
Added Net: Name=MP3_XDCS
Added Pin To Net: NetName=NetAudio1_2 Pin=Audio1-2
Added Pin To Net: NetName=NetAudio1_2 Pin=R2-2
Added Net: Name=NetAudio1_2
Added Pin To Net: NetName=NetAudio1_3 Pin=Audio1-3
Added Pin To Net: NetName=NetAudio1_3 Pin=R1-1
Added Net: Name=NetAudio1_3
Added Pin To Net: NetName=NetC7_1 Pin=U3-1
Added Net: Name=NetC7_1
Added Pin To Net: NetName=NetC7_2 Pin=U3-8
Added Net: Name=NetC7_2
Added Pin To Net: NetName=NetC9_2 Pin=C9-2
Added Pin To Net: NetName=NetC9_2 Pin=U4-3
Added Pin To Net: NetName=NetC9_2 Pin=Y1-2
Added Net: Name=NetC9_2
Added Pin To Net: NetName=NetC11_2 Pin=C11-2
Added Pin To Net: NetName=NetC11_2 Pin=U4-4
Added Pin To Net: NetName=NetC11_2 Pin=Y1-1
Added Net: Name=NetC11_2
Added Pin To Net: NetName=NetC12_2 Pin=C12-2
Added Pin To Net: NetName=NetC12_2 Pin=R4-1
Added Pin To Net: NetName=NetC12_2 Pin=U4-5
Added Pin To Net: NetName=NetC12_2 Pin=Y2-2
Added Net: Name=NetC12_2
Added Pin To Net: NetName=NetC14_2 Pin=C14-2
Added Pin To Net: NetName=NetC14_2 Pin=R4-2
Added Pin To Net: NetName=NetC14_2 Pin=U4-6
Added Pin To Net: NetName=NetC14_2 Pin=Y2-1
Added Net: Name=NetC14_2
Added Pin To Net: NetName=NetD1_2 Pin=D1-2
Added Pin To Net: NetName=NetD1_2 Pin=L1-2
Added Pin To Net: NetName=NetD1_2 Pin=U1-2
Added Net: Name=NetD1_2
Added Pin To Net: NetName=NetR1_2 Pin=R1-2
Added Pin To Net: NetName=NetR1_2 Pin=R2-1
Added Pin To Net: NetName=NetR1_2 Pin=U3-3
Added Net: Name=NetR1_2
Added Pin To Net: NetName=NetR8_1 Pin=R8-1
Added Pin To Net: NetName=NetR8_1 Pin=U4-20
Added Net: Name=NetR8_1
Added Pin To Net: NetName=NetR9_2 Pin=R9-2
Added Pin To Net: NetName=NetR9_2 Pin=S1-1
Added Net: Name=NetR9_2
Added Pin To Net: NetName=PA0 Pin=U3-5
Added Pin To Net: NetName=PA0 Pin=U4-10
Added Net: Name=PA0
Added Pin To Net: NetName=PA14 Pin=U4-37
Added Net: Name=PA14
Added Pin To Net: NetName=PA15 Pin=U4-38
Added Net: Name=PA15
Added Pin To Net: NetName=PB3 Pin=U4-39
Added Net: Name=PB3
Added Pin To Net: NetName=PB4 Pin=U4-40
Added Net: Name=PB4
Added Pin To Net: NetName=PB5 Pin=U4-41
Added Net: Name=PB5
Added Pin To Net: NetName=PB8 Pin=U4-45
Added Net: Name=PB8
Added Pin To Net: NetName=PB9 Pin=U4-46
Added Net: Name=PB9
Added Pin To Net: NetName=PB10 Pin=U4-21
Added Net: Name=PB10
Added Pin To Net: NetName=PB11 Pin=U4-22
Added Net: Name=PB11
Added Pin To Net: NetName=PB12 Pin=R7-2
Added Pin To Net: NetName=PB12 Pin=SD_CARD1-1
Added Pin To Net: NetName=PB12 Pin=U4-25
Added Net: Name=PB12
Added Pin To Net: NetName=PB13 Pin=R6-2
Added Pin To Net: NetName=PB13 Pin=SD_CARD1-5
Added Pin To Net: NetName=PB13 Pin=U4-26
Added Net: Name=PB13
Added Pin To Net: NetName=PB14 Pin=R5-2
Added Pin To Net: NetName=PB14 Pin=SD_CARD1-7
Added Pin To Net: NetName=PB14 Pin=U4-27
Added Net: Name=PB14
Added Pin To Net: NetName=PB15 Pin=R3-2
Added Pin To Net: NetName=PB15 Pin=SD_CARD1-2
Added Pin To Net: NetName=PB15 Pin=U4-28
Added Net: Name=PB15
Added Pin To Net: NetName=RESET Pin=U4-7
Added Net: Name=RESET
Added Pin To Net: NetName=RXD Pin=U4-31
Added Net: Name=RXD
Added Pin To Net: NetName=TXD Pin=U4-30
Added Net: Name=TXD
Added Pin To Net: NetName=USB_D+ Pin=U4-33
Added Net: Name=USB_D+
Added Pin To Net: NetName=USB_D- Pin=U4-32
Added Net: Name=USB_D-
Added Pin To Net: NetName=VBAT Pin=U4-1
Added Net: Name=VBAT
Added Pin To Net: NetName=VCC3.3 Pin=C5-1
Added Pin To Net: NetName=VCC3.3 Pin=C6-2
Added Pin To Net: NetName=VCC3.3 Pin=C8-2
Added Pin To Net: NetName=VCC3.3 Pin=C10-1
Added Pin To Net: NetName=VCC3.3 Pin=C13-2
Added Pin To Net: NetName=VCC3.3 Pin=C15-2
Added Pin To Net: NetName=VCC3.3 Pin=R3-1
Added Pin To Net: NetName=VCC3.3 Pin=R5-1
Added Pin To Net: NetName=VCC3.3 Pin=R6-1
Added Pin To Net: NetName=VCC3.3 Pin=R7-1
Added Pin To Net: NetName=VCC3.3 Pin=S1-2
Added Pin To Net: NetName=VCC3.3 Pin=SD_CARD1-4
Added Pin To Net: NetName=VCC3.3 Pin=U2-2
Added Pin To Net: NetName=VCC3.3 Pin=U2-4
Added Pin To Net: NetName=VCC3.3 Pin=U4-9
Added Pin To Net: NetName=VCC3.3 Pin=U4-24
Added Pin To Net: NetName=VCC3.3 Pin=U4-36
Added Pin To Net: NetName=VCC3.3 Pin=U4-48
Added Net: Name=VCC3.3
Added Class: Name=Sheet1
Added Room: Name=Sheet1
